<?xml version="1.0" encoding="UTF-8"?>
<!-- Generated by org.testng.reporters.JUnitReportReporter -->
<testsuite skipped="0" hostname="Ashan" name="com.inetbanking.testCases.TC_LoginTest_001" tests="1" failures="0" timestamp="2020-06-16T13:17:07 IST" time="6.452" errors="0">
  <testcase name="logintest" time="6.452" classname="com.inetbanking.testCases.TC_LoginTest_001"/>
</testsuite> <!-- com.inetbanking.testCases.TC_LoginTest_001 -->
